<?xml version="1.0" encoding="UTF-8"?>
<!-- Generated by org.testng.reporters.JUnitXMLReporter -->
<testsuite hostname="LAPTOP-P1RFJJ0H" ignored="2" name="Test1" tests="1" failures="0" timestamp="20 Dec 2018 09:10:18 GMT" time="0.053" errors="0">
  <testcase name="testMethod3" time="0.014" classname="testngGroups.GroupTest$Test1"/>
  <testcase name="testMethod1" time="0.0" classname="testngGroups.GroupTest$Test1">
    <ignored/>
  </testcase> <!-- testMethod1 -->
  <testcase name="testMethod2" time="0.0" classname="testngGroups.GroupTest$Test1">
    <ignored/>
  </testcase> <!-- testMethod2 -->
</testsuite> <!-- Test1 -->
